<?xml version="1.0" encoding="UTF-8"?>
<!-- Generated by org.testng.reporters.JUnitXMLReporter -->
<testsuite ignored="0" hostname="Preetams-MacBook-Air.local" failures="0" tests="4" name="Default test" time="2.27" errors="0" timestamp="2023-08-01T16:42:36 IST">
  <testcase classname="com.tests.TestingData" name="testingExcelData" time="0.057"/>
  <testcase classname="com.tests.TestingData" name="testingExcelData" time="0.009"/>
  <testcase classname="com.tests.TestingData" name="testingExcelData" time="0.005"/>
  <testcase classname="com.tests.TestingData" name="testingExcelData" time="0.005"/>
</testsuite> <!-- Default test -->
