<?xml version="1.0" encoding="UTF-8"?>
<!-- Generated by org.testng.reporters.JUnitXMLReporter -->
<testsuite ignored="8" hostname="Preetam-PC" failures="0" tests="6" name="chrome" time="94.15" errors="0" timestamp="2023-09-18T02:59:54 IST">
  <testcase classname="com.tests.ValidationEpic1" name="searchProduct" time="12.928"/>
  <testcase classname="com.tests.ValidationEpic1" name="searchProduct_2nd" time="12.39"/>
  <testcase classname="com.tests.ValidationEpic1" name="searchProduct" time="12.783"/>
  <testcase classname="com.tests.ValidationEpic1" name="searchProduct_2nd" time="12.377"/>
  <testcase classname="com.tests.ValidationEpic1" name="searchProduct_3rd" time="12.746"/>
  <testcase classname="com.tests.ValidationEpic1" name="searchProduct_3rd" time="12.229"/>
  <testcase classname="com.tests.ValidationEpic1" name="searchFlights4" time="0.0">
    <ignored/>
  </testcase> <!-- searchFlights4 -->
  <testcase classname="com.tests.ValidationEpic1" name="searchFlights2" time="0.0">
    <ignored/>
  </testcase> <!-- searchFlights2 -->
  <testcase classname="com.tests.ValidationEpic1" name="searchFlights" time="0.0">
    <ignored/>
  </testcase> <!-- searchFlights -->
  <testcase classname="com.tests.ValidationEpic1" name="validateOfferesIsSelectedNegative" time="0.0">
    <ignored/>
  </testcase> <!-- validateOfferesIsSelectedNegative -->
  <testcase classname="com.tests.ValidationEpic1" name="validateBrokenIsSelected" time="0.0">
    <ignored/>
  </testcase> <!-- validateBrokenIsSelected -->
  <testcase classname="com.tests.ValidationEpic1" name="validateHotelIsSelected2" time="0.0">
    <ignored/>
  </testcase> <!-- validateHotelIsSelected2 -->
  <testcase classname="com.tests.ValidationEpic1" name="validateOfferesIsSelected" time="0.0">
    <ignored/>
  </testcase> <!-- validateOfferesIsSelected -->
  <testcase classname="com.tests.ValidationEpic1" name="searchFlights3" time="0.0">
    <ignored/>
  </testcase> <!-- searchFlights3 -->
</testsuite> <!-- chrome -->
