<?xml version="1.0" encoding="UTF-8"?>
<!-- Generated by org.testng.reporters.JUnitXMLReporter -->
<testsuite ignored="8" hostname="Preetams-MacBook-Air.local" failures="1" tests="1" name="Chrome" time="107.588" errors="0" timestamp="2023-09-07T21:00:33 IST">
  <testcase classname="com.tests.ValidationEpic1" name="searchProduct" time="81.848">
    <failure type="java.lang.NumberFormatException" message="For input string: &amp;quot;&amp;quot;">
      <![CDATA[java.lang.NumberFormatException: For input string: ""
at java.base/java.lang.NumberFormatException.forInputString(NumberFormatException.java:68)
at java.base/java.lang.Integer.parseInt(Integer.java:662)
at java.base/java.lang.Integer.parseInt(Integer.java:770)
at com.pages.ProductSearchResult.lambda$0(ProductSearchResult.java:54)
at java.base/java.util.ArrayList.forEach(ArrayList.java:1511)
at com.pages.ProductSearchResult.validateProductResultSorting(ProductSearchResult.java:54)
at com.tests.ValidationEpic1.searchProduct(ValidationEpic1.java:138)
at java.base/java.util.concurrent.ThreadPoolExecutor.runWorker(ThreadPoolExecutor.java:1130)
at java.base/java.util.concurrent.ThreadPoolExecutor$Worker.run(ThreadPoolExecutor.java:630)
at java.base/java.lang.Thread.run(Thread.java:832)
... Removed 12 stack frames]]>
    </failure>
  </testcase> <!-- searchProduct -->
  <testcase classname="com.tests.ValidationEpic1" name="searchFlights4" time="0.0">
    <ignored/>
  </testcase> <!-- searchFlights4 -->
  <testcase classname="com.tests.ValidationEpic1" name="searchFlights2" time="0.0">
    <ignored/>
  </testcase> <!-- searchFlights2 -->
  <testcase classname="com.tests.ValidationEpic1" name="searchFlights" time="0.0">
    <ignored/>
  </testcase> <!-- searchFlights -->
  <testcase classname="com.tests.ValidationEpic1" name="validateOfferesIsSelectedNegative" time="0.0">
    <ignored/>
  </testcase> <!-- validateOfferesIsSelectedNegative -->
  <testcase classname="com.tests.ValidationEpic1" name="validateBrokenIsSelected" time="0.0">
    <ignored/>
  </testcase> <!-- validateBrokenIsSelected -->
  <testcase classname="com.tests.ValidationEpic1" name="validateHotelIsSelected2" time="0.0">
    <ignored/>
  </testcase> <!-- validateHotelIsSelected2 -->
  <testcase classname="com.tests.ValidationEpic1" name="validateOfferesIsSelected" time="0.0">
    <ignored/>
  </testcase> <!-- validateOfferesIsSelected -->
  <testcase classname="com.tests.ValidationEpic1" name="searchFlights3" time="0.0">
    <ignored/>
  </testcase> <!-- searchFlights3 -->
</testsuite> <!-- Chrome -->
