<?xml version="1.0" encoding="UTF-8"?>
<!-- Generated by org.testng.reporters.JUnitXMLReporter -->
<testsuite ignored="8" hostname="Preetam-PC" failures="0" tests="6" name="firefox" time="108.33" errors="0" timestamp="2023-09-18T03:01:43 IST">
  <testcase classname="com.tests.ValidationEpic1" name="searchProduct" time="11.447"/>
  <testcase classname="com.tests.ValidationEpic1" name="searchProduct_2nd" time="11.36"/>
  <testcase classname="com.tests.ValidationEpic1" name="searchProduct" time="11.281"/>
  <testcase classname="com.tests.ValidationEpic1" name="searchProduct_2nd" time="11.318"/>
  <testcase classname="com.tests.ValidationEpic1" name="searchProduct_3rd" time="11.359"/>
  <testcase classname="com.tests.ValidationEpic1" name="searchProduct_3rd" time="11.18"/>
  <testcase classname="com.tests.ValidationEpic1" name="searchFlights4" time="0.0">
    <ignored/>
  </testcase> <!-- searchFlights4 -->
  <testcase classname="com.tests.ValidationEpic1" name="searchFlights2" time="0.0">
    <ignored/>
  </testcase> <!-- searchFlights2 -->
  <testcase classname="com.tests.ValidationEpic1" name="searchFlights" time="0.0">
    <ignored/>
  </testcase> <!-- searchFlights -->
  <testcase classname="com.tests.ValidationEpic1" name="validateOfferesIsSelectedNegative" time="0.0">
    <ignored/>
  </testcase> <!-- validateOfferesIsSelectedNegative -->
  <testcase classname="com.tests.ValidationEpic1" name="validateBrokenIsSelected" time="0.0">
    <ignored/>
  </testcase> <!-- validateBrokenIsSelected -->
  <testcase classname="com.tests.ValidationEpic1" name="validateHotelIsSelected2" time="0.0">
    <ignored/>
  </testcase> <!-- validateHotelIsSelected2 -->
  <testcase classname="com.tests.ValidationEpic1" name="validateOfferesIsSelected" time="0.0">
    <ignored/>
  </testcase> <!-- validateOfferesIsSelected -->
  <testcase classname="com.tests.ValidationEpic1" name="searchFlights3" time="0.0">
    <ignored/>
  </testcase> <!-- searchFlights3 -->
</testsuite> <!-- firefox -->
