<?xml version="1.0" encoding="UTF-8"?>
<!-- Generated by org.testng.reporters.JUnitXMLReporter -->
<testsuite ignored="3" hostname="Preetams-MacBook-Air.local" failures="1" tests="2" name="Test" time="26.691" errors="0" timestamp="2023-08-09T19:21:05 IST">
  <testcase classname="com.tests.ValidationEpic1" name="validateOfferesIsSelected2" time="0.323">
    <skipped/>
  </testcase> <!-- validateOfferesIsSelected2 -->
  <testcase classname="com.tests.ValidationEpic1" name="validateOfferesIsSelected2" time="0.085">
    <failure type="java.lang.AssertionError">
      <![CDATA[java.lang.AssertionError
at org.junit.Assert.fail(Assert.java:87)
at org.junit.Assert.assertTrue(Assert.java:42)
at org.junit.Assert.assertTrue(Assert.java:53)
at com.pages.HomePage.negative(HomePage.java:73)
at com.tests.ValidationEpic1.validateOfferesIsSelected2(ValidationEpic1.java:57)
at java.base/java.util.ArrayList.forEach(ArrayList.java:1511)
... Removed 27 stack frames]]>
    </failure>
  </testcase> <!-- validateOfferesIsSelected2 -->
  <testcase classname="com.tests.ValidationEpic1" name="validateHotelIsSelected" time="0.0">
    <ignored/>
  </testcase> <!-- validateHotelIsSelected -->
  <testcase classname="com.tests.ValidationEpic1" name="validateHotelIsSelected2" time="0.0">
    <ignored/>
  </testcase> <!-- validateHotelIsSelected2 -->
  <testcase classname="com.tests.ValidationEpic1" name="validateOfferesIsSelected" time="0.0">
    <ignored/>
  </testcase> <!-- validateOfferesIsSelected -->
</testsuite> <!-- Test -->
