<?xml version="1.0" encoding="UTF-8"?>
<!-- Generated by org.testng.reporters.JUnitXMLReporter -->
<testsuite ignored="0" hostname="Preetams-MacBook-Air.local" failures="1" tests="1" name="Test" time="17.243" errors="0" timestamp="2023-07-24T02:10:20 IST">
  <testcase classname="com.tests.ValidationEpic1" name="validateOfferesIsSelected2" time="0.242">
    <failure type="java.lang.AssertionError">
      <![CDATA[java.lang.AssertionError
at org.junit.Assert.fail(Assert.java:87)
at org.junit.Assert.assertTrue(Assert.java:42)
at org.junit.Assert.assertTrue(Assert.java:53)
at com.pages.HomePage.negative(HomePage.java:57)
at com.tests.ValidationEpic1.validateOfferesIsSelected2(ValidationEpic1.java:53)
at java.base/java.util.ArrayList.forEach(ArrayList.java:1511)
... Removed 30 stack frames]]>
    </failure>
  </testcase> <!-- validateOfferesIsSelected2 -->
</testsuite> <!-- Test -->
