<?xml version="1.0" encoding="UTF-8"?>
<testsuite xmlns:xsi="http://www.w3.org/2001/XMLSchema-instance" xsi:noNamespaceSchemaLocation="https://maven.apache.org/surefire/maven-surefire-plugin/xsd/surefire-test-report.xsd" name="TestSuite" time="19.791" tests="1" errors="0" skipped="0" failures="1">
  <properties>
[...]
</properties>
  <testcase name="validateOfferesIsSelected2" classname="com.tests.ValidationEpic1" time="0.765">
    <failure type="java.lang.AssertionError">java.lang.AssertionError
	at com.tests.ValidationEpic1.validateOfferesIsSelected2(ValidationEpic1.java:53)
</failure>
    <system-out><![CDATA[I am in onStart method Test
I am in onTestStart method validateOfferesIsSelected2 start
I am in onTestFailure method validateOfferesIsSelected2 failed
Screenshot captured for test case:validateOfferesIsSelected2
]]></system-out>
    <system-err><![CDATA[SLF4J: Failed to load class "org.slf4j.impl.StaticLoggerBinder".
SLF4J: Defaulting to no-operation (NOP) logger implementation
SLF4J: See http://www.slf4j.org/codes.html#StaticLoggerBinder for further details.
Jul 24, 2023 2:10:03 AM org.openqa.selenium.remote.service.DriverService$Builder getLogOutput
INFO: Driver logs no longer sent to console by default; https://www.selenium.dev/documentation/webdriver/drivers/service/#setting-log-output
]]></system-err>
  </testcase>
</testsuite>