<?xml version="1.0" encoding="UTF-8"?>
<testng-results ignored="8" total="9" passed="1" failed="0" skipped="0">
  <reporter-output>
  </reporter-output>
  <suite started-at="2023-09-11T01:49:58 IST" name="Suite" finished-at="2023-09-11T01:51:43 IST" duration-ms="104883">
    <groups>
    </groups>
    <test started-at="2023-09-11T01:49:58 IST" name="firefox" finished-at="2023-09-11T01:51:43 IST" duration-ms="104883">
      <class name="com.tests.ValidationEpic1">
        <test-method is-config="true" signature="setUp(java.lang.String,java.lang.String)[pri:0, instance:com.tests.ValidationEpic1@47d9c01]" started-at="2023-09-11T01:49:59 IST" name="setUp" finished-at="2023-09-11T01:50:58 IST" duration-ms="59139" status="PASS">
          <params>
            <param index="0">
              <value>
                <![CDATA[firefox]]>
              </value>
            </param>
            <param index="1">
              <value>
                <![CDATA[103]]>
              </value>
            </param>
          </params>
          <reporter-output>
          </reporter-output>
        </test-method> <!-- setUp -->
        <test-method signature="searchProduct()[pri:1, instance:com.tests.ValidationEpic1@47d9c01]" started-at="2023-09-11T01:50:58 IST" name="searchProduct" description="validate the Sorting works" finished-at="2023-09-11T01:51:37 IST" duration-ms="38706" status="PASS">
          <reporter-output>
          </reporter-output>
        </test-method> <!-- searchProduct -->
        <test-method is-config="true" signature="tearDown()[pri:0, instance:com.tests.ValidationEpic1@47d9c01]" started-at="2023-09-11T01:51:37 IST" name="tearDown" finished-at="2023-09-11T01:51:43 IST" duration-ms="6596" status="PASS">
          <reporter-output>
          </reporter-output>
        </test-method> <!-- tearDown -->
      </class> <!-- com.tests.ValidationEpic1 -->
    </test> <!-- firefox -->
  </suite> <!-- Suite -->
</testng-results>
